0 info it worked if it ends with ok
1 verbose cli [ 'C:\\dev\\nodejs\\node.exe',
1 verbose cli   'C:\\dev\\nodejs\\node_modules\\npm\\bin\\npm-cli.js',
1 verbose cli   'start' ]
2 info using npm@4.0.5
3 info using node@v7.4.0
4 verbose run-script [ 'prestart', 'start', 'poststart' ]
5 info lifecycle ren@1.0.0~prestart: ren@1.0.0
6 silly lifecycle ren@1.0.0~prestart: no script for prestart, continuing
7 info lifecycle ren@1.0.0~start: ren@1.0.0
8 verbose lifecycle ren@1.0.0~start: unsafe-perm in lifecycle true
9 verbose lifecycle ren@1.0.0~start: PATH: C:\dev\nvm\v7.4.0\node_modules\npm\bin\node-gyp-bin;C:\Users\小剑\Desktop\任晓剑_麦乐购\node_modules\.bin;c:\program files (x86)\graphicsmagick-1.3.25-q16;C:\Windows\system32;C:\Windows;C:\Windows\System32\Wbem;C:\Windows\System32\WindowsPowerShell\v1.0\;C:\Program Files (x86)\NVIDIA Corporation\PhysX\Common;C:\WINDOWS\system32;C:\WINDOWS;C:\WINDOWS\System32\Wbem;C:\WINDOWS\System32\WindowsPowerShell\v1.0\;C:\Program Files\MongoDB\Server\3.4\bin;C:\Program Files\Git\cmd;C:\Program Files (x86)\GraphicsMagick-1.3.25-Q16;C:\dev\nvm;C:\dev\nodejs;C:\Program Files (x86)\Microsoft VS Code\bin;C:\Users\小剑\AppData\Local\Microsoft\WindowsApps;
10 verbose lifecycle ren@1.0.0~start: CWD: C:\Users\小剑\Desktop\任晓剑_麦乐购
11 silly lifecycle ren@1.0.0~start: Args: [ '/d /s /c', 'node app.js' ]
12 verbose stack Error: kill ENOSYS
12 verbose stack     at exports._errnoException (util.js:1022:11)
12 verbose stack     at process.kill (internal/process.js:173:13)
12 verbose stack     at process.listener (C:\dev\nvm\v7.4.0\node_modules\npm\node_modules\npmlog\node_modules\gauge\node_modules\signal-exit\index.js:86:15)
12 verbose stack     at emitNone (events.js:91:20)
12 verbose stack     at process.emit (events.js:185:7)
12 verbose stack     at processEmit (C:\dev\nvm\v7.4.0\node_modules\npm\node_modules\npmlog\node_modules\gauge\node_modules\signal-exit\index.js:146:32)
12 verbose stack     at processEmit (C:\dev\nvm\v7.4.0\node_modules\npm\node_modules\npm-registry-client\node_modules\npmlog\node_modules\gauge\node_modules\signal-exit\index.js:146:32)
12 verbose stack     at Signal.wrap.onsignal (internal/process.js:200:44)
13 verbose cwd C:\Users\小剑\Desktop\任晓剑_麦乐购
14 error Windows_NT 10.0.14393
15 error argv "C:\\dev\\nodejs\\node.exe" "C:\\dev\\nodejs\\node_modules\\npm\\bin\\npm-cli.js" "start"
16 error node v7.4.0
17 error npm  v4.0.5
18 error code ENOSYS
19 error errno ENOSYS
20 error syscall kill
21 error kill ENOSYS
22 error If you need help, you may report this error at:
22 error     <https://github.com/npm/npm/issues>
23 verbose exit [ 1, true ]
